[debug] [2022-05-07T08:31:56.194Z] ----------------------------------------------------------------------
[debug] [2022-05-07T08:31:56.202Z] Command:       C:\Program Files\nodejs\node.exe C:\Program Files\nodejs\node_modules\firebase-tools\lib\bin\firebase.js init
[debug] [2022-05-07T08:31:56.204Z] CLI Version:   10.8.0
[debug] [2022-05-07T08:31:56.204Z] Platform:      win32
[debug] [2022-05-07T08:31:56.204Z] Node Version:  v14.17.6
[debug] [2022-05-07T08:31:56.208Z] Time:          Sat May 07 2022 03:31:56 GMT-0500 (hora estándar de Perú)
[debug] [2022-05-07T08:31:56.208Z] ----------------------------------------------------------------------
[debug] 
[debug] [2022-05-07T08:31:56.730Z] > command requires scopes: ["email","openid","https://www.googleapis.com/auth/cloudplatformprojects.readonly","https://www.googleapis.com/auth/firebase","https://www.googleapis.com/auth/cloud-platform"]
[debug] [2022-05-07T08:31:56.731Z] > authorizing via signed-in user (juanmorenoperu.23@gmail.com)
[info] 
     ######## #### ########  ######## ########     ###     ######  ########
     ##        ##  ##     ## ##       ##     ##  ##   ##  ##       ##
     ######    ##  ########  ######   ########  #########  ######  ######
     ##        ##  ##    ##  ##       ##     ## ##     ##       ## ##
     ##       #### ##     ## ######## ########  ##     ##  ######  ########

You're about to initialize a Firebase project in this directory:

  C:\Users\Usuario\Desktop\first_project\first-app

Before we get started, keep in mind:

  * You are initializing within an existing Firebase project directory

[info] 
=== Project Setup
[info] 
[info] First, let's associate this project directory with a Firebase project.
[info] You can create multiple project aliases by running firebase use --add, 
[info] but for now we'll just set up a default project.
[info] 
[debug] [2022-05-07T08:32:06.706Z] Using project from CLI flag: react-fir-2021
[debug] [2022-05-07T08:32:06.724Z] >>> [apiv2][query] GET https://firebase.googleapis.com/v1beta1/projects/react-fir-2021 [none]
[debug] [2022-05-07T08:32:07.482Z] <<< [apiv2][status] GET https://firebase.googleapis.com/v1beta1/projects/react-fir-2021 200
[debug] [2022-05-07T08:32:07.483Z] <<< [apiv2][body] GET https://firebase.googleapis.com/v1beta1/projects/react-fir-2021 {"projectId":"react-fir-2021","projectNumber":"350777620910","displayName":"react-fir-2021","name":"projects/react-fir-2021","resources":{"hostingSite":"react-fir-2021","storageBucket":"react-fir-2021.appspot.com","locationId":"us-central"},"state":"ACTIVE"}
[info] i  Using project react-fir-2021 (react-fir-2021) 
[info] 
=== Hosting Setup
[info] 
[info] Your public directory is the folder (relative to your project directory) that
[info] will contain Hosting assets to be uploaded with firebase deploy. If you
[info] have a build process for your assets, use your build's output directory.
[info] 
